<?xml version="1.0" encoding="UTF-8"?>
<!-- Generated by org.testng.reporters.JUnitReportReporter -->
<testsuite skipped="1" hostname="LAPTOP-TA5GJAKQ" name="day1.PositiveTest" tests="5" failures="0" timestamp="10 Nov 2021 04:09:28 GMT" time="4.142" errors="0">
  <testcase name="deleteContact" time="0.580" classname="day1.PositiveTest"/>
  <testcase name="putContact" time="2.364" classname="day1.PositiveTest"/>
  <testcase name="updateContact" time="0.601" classname="day1.PositiveTest"/>
  <testcase name="getSpecificContact" time="0.597" classname="day1.PositiveTest"/>
  <testcase name="getAllContactList" classname="day1.PositiveTest">
    <skipped/>
  </testcase> <!-- getAllContactList -->
</testsuite> <!-- day1.PositiveTest -->
