<?xml version="1.0" encoding="UTF-8"?>
<!-- Generated by org.testng.reporters.JUnitReportReporter -->
<testsuite skipped="1" hostname="LAPTOP-TA5GJAKQ" name="day1.OpenWithAPI" tests="3" failures="0" timestamp="09 Nov 2021 06:59:14 GMT" time="1.446" errors="0">
  <testcase name="getWeatherInfo3" time="0.215" classname="day1.OpenWithAPI"/>
  <testcase name="getWeatherInfo" time="1.231" classname="day1.OpenWithAPI"/>
  <testcase name="getWeatherInfo2" classname="day1.OpenWithAPI">
    <skipped/>
  </testcase> <!-- getWeatherInfo2 -->
</testsuite> <!-- day1.OpenWithAPI -->
